<?xml version="1.0" encoding="UTF-8"?>
<robot generator="Robot 3.2.1 (Python 3.8.5 on win32)" generated="20200724 14:13:24.431" rpa="false">
<suite id="s1" name="Gifi" source="C:\Users\hasaneeyakae\ROBOT WK\homework-qifi\gifi.robot">
<test id="s1-t1" name="Input text and generate qr code">
<kw name="Open Chrome Browser" library="keywords" type="setup">
<kw name="Open Browser" library="SeleniumLibrary">
<doc>Opens a new browser instance to the optional ``url``.</doc>
<arguments>
<arg>${URL}</arg>
<arg>chrome</arg>
</arguments>
<msg timestamp="20200724 14:13:24.725" level="INFO">Opening browser 'chrome' to base url 'https://qifi.org/'.</msg>
<status status="PASS" starttime="20200724 14:13:24.724" endtime="20200724 14:13:29.272"></status>
</kw>
<status status="PASS" starttime="20200724 14:13:24.724" endtime="20200724 14:13:29.272"></status>
</kw>
<kw name="Input text and generate qr code" library="keywords">
<arguments>
<arg>neeyalioness</arg>
<arg>1122334455</arg>
</arguments>
<kw name="Input text : ในช่อง SSID" library="keywords">
<arguments>
<arg>${SSID_TEXT}</arg>
</arguments>
<kw name="Input Text" library="SeleniumLibrary">
<doc>Types the given ``text`` into the text field identified by ``locator``.</doc>
<arguments>
<arg>ssid</arg>
<arg>${SSID_TEXT}</arg>
</arguments>
<msg timestamp="20200724 14:13:29.276" level="INFO">Typing text 'neeyalioness' into text field 'ssid'.</msg>
<status status="PASS" starttime="20200724 14:13:29.276" endtime="20200724 14:13:29.779"></status>
</kw>
<status status="PASS" starttime="20200724 14:13:29.275" endtime="20200724 14:13:29.779"></status>
</kw>
<kw name="Input text : ในช่อง Key" library="keywords">
<arguments>
<arg>${KEY_TEXT}</arg>
</arguments>
<kw name="Input Text" library="SeleniumLibrary">
<doc>Types the given ``text`` into the text field identified by ``locator``.</doc>
<arguments>
<arg>key</arg>
<arg>${KEY_TEXT}</arg>
</arguments>
<msg timestamp="20200724 14:13:29.780" level="INFO">Typing text '1122334455' into text field 'key'.</msg>
<status status="PASS" starttime="20200724 14:13:29.780" endtime="20200724 14:13:30.075"></status>
</kw>
<status status="PASS" starttime="20200724 14:13:29.779" endtime="20200724 14:13:30.075"></status>
</kw>
<kw name="กดปุ่ม Generate!" library="keywords">
<kw name="Click Button" library="SeleniumLibrary">
<doc>Clicks the button identified by ``locator``.</doc>
<arguments>
<arg>generate</arg>
</arguments>
<msg timestamp="20200724 14:13:30.076" level="INFO">Clicking button 'generate'.</msg>
<status status="PASS" starttime="20200724 14:13:30.076" endtime="20200724 14:13:30.421"></status>
</kw>
<status status="PASS" starttime="20200724 14:13:30.075" endtime="20200724 14:13:30.421"></status>
</kw>
<kw name="Show QR Code" library="keywords">
<kw name="Element Should Be Enabled" library="SeleniumLibrary">
<doc>Verifies that element identified by ``locator`` is enabled.</doc>
<arguments>
<arg>id:qrcode</arg>
</arguments>
<status status="PASS" starttime="20200724 14:13:30.422" endtime="20200724 14:13:30.501"></status>
</kw>
<status status="PASS" starttime="20200724 14:13:30.421" endtime="20200724 14:13:30.502"></status>
</kw>
<status status="PASS" starttime="20200724 14:13:29.274" endtime="20200724 14:13:30.502"></status>
</kw>
<kw name="Close Chrome Browser" library="keywords" type="teardown">
<kw name="Close Browser" library="SeleniumLibrary">
<doc>Closes the current browser.</doc>
<status status="PASS" starttime="20200724 14:13:30.504" endtime="20200724 14:13:32.747"></status>
</kw>
<status status="PASS" starttime="20200724 14:13:30.503" endtime="20200724 14:13:32.747"></status>
</kw>
<status status="PASS" starttime="20200724 14:13:24.724" endtime="20200724 14:13:32.748" critical="yes"></status>
</test>
<status status="PASS" starttime="20200724 14:13:24.435" endtime="20200724 14:13:32.755"></status>
</suite>
<statistics>
<total>
<stat pass="1" fail="0">Critical Tests</stat>
<stat pass="1" fail="0">All Tests</stat>
</total>
<tag>
</tag>
<suite>
<stat pass="1" fail="0" id="s1" name="Gifi">Gifi</stat>
</suite>
</statistics>
<errors>
</errors>
</robot>
