<?xml version="1.0" encoding="UTF-8"?>
<robot generator="Robot 3.2.1 (Python 3.8.5 on win32)" generated="20200724 14:27:25.949" rpa="false">
<suite id="s1" name="Qifi" source="C:\robot\qifi.robot">
<test id="s1-t1" name="ทดสอบการกรอกรหัส">
<kw name="เปิดบราวเซอร์" library="Keywords_qifi" type="setup">
<kw name="Open Browser" library="SeleniumLibrary">
<doc>Opens a new browser instance to the optional ``url``.</doc>
<arguments>
<arg>https://qifi.org/</arg>
<arg>chrome</arg>
</arguments>
<msg timestamp="20200724 14:27:26.472" level="INFO">Opening browser 'chrome' to base url 'https://qifi.org/'.</msg>
<status status="PASS" starttime="20200724 14:27:26.472" endtime="20200724 14:27:31.899"></status>
</kw>
<status status="PASS" starttime="20200724 14:27:26.471" endtime="20200724 14:27:31.900"></status>
</kw>
<kw name="ทดสอบการกรอกรหัส" library="Keywords_qifi">
<arguments>
<arg>hello</arg>
<arg>12343</arg>
</arguments>
<kw name="wifi ssid" library="Keywords_qifi">
<arguments>
<arg>${text1}</arg>
</arguments>
<kw name="Input Text" library="SeleniumLibrary">
<doc>Types the given ``text`` into the text field identified by ``locator``.</doc>
<arguments>
<arg>ssid</arg>
<arg>${text1}</arg>
</arguments>
<msg timestamp="20200724 14:27:31.905" level="INFO">Typing text 'hello' into text field 'ssid'.</msg>
<status status="PASS" starttime="20200724 14:27:31.904" endtime="20200724 14:27:32.542"></status>
</kw>
<status status="PASS" starttime="20200724 14:27:31.903" endtime="20200724 14:27:32.543"></status>
</kw>
<kw name="wifi key" library="Keywords_qifi">
<arguments>
<arg>${text2}</arg>
</arguments>
<kw name="Input Text" library="SeleniumLibrary">
<doc>Types the given ``text`` into the text field identified by ``locator``.</doc>
<arguments>
<arg>key</arg>
<arg>${text2}</arg>
</arguments>
<msg timestamp="20200724 14:27:32.545" level="INFO">Typing text '12343' into text field 'key'.</msg>
<status status="PASS" starttime="20200724 14:27:32.544" endtime="20200724 14:27:32.889"></status>
</kw>
<status status="PASS" starttime="20200724 14:27:32.543" endtime="20200724 14:27:32.890"></status>
</kw>
<kw name="กดปุ่ม Generate โดยการ Enter" library="Keywords_qifi">
<kw name="Press Keys" library="SeleniumLibrary">
<doc>Simulates the user pressing key(s) to an element or on the active browser.</doc>
<arguments>
<arg>//*[@id="generate"]</arg>
<arg>ENTER</arg>
</arguments>
<msg timestamp="20200724 14:27:32.891" level="INFO">Sending key(s) ('ENTER',) to //*[@id="generate"] element.</msg>
<msg timestamp="20200724 14:27:33.886" level="INFO">Pressing special key ENTER to element.</msg>
<msg timestamp="20200724 14:27:33.887" level="INFO">Releasing special key ENTER.</msg>
<status status="PASS" starttime="20200724 14:27:32.890" endtime="20200724 14:27:34.103"></status>
</kw>
<status status="PASS" starttime="20200724 14:27:32.890" endtime="20200724 14:27:34.103"></status>
</kw>
<kw name="รอการแสดง QR Code" library="Keywords_qifi">
<kw name="Element Should Be Enabled" library="SeleniumLibrary">
<doc>Verifies that element identified by ``locator`` is enabled.</doc>
<arguments>
<arg>//*[@id="qrcode"]/canvas</arg>
</arguments>
<status status="PASS" starttime="20200724 14:27:34.105" endtime="20200724 14:27:34.267"></status>
</kw>
<status status="PASS" starttime="20200724 14:27:34.104" endtime="20200724 14:27:34.268"></status>
</kw>
<status status="PASS" starttime="20200724 14:27:31.901" endtime="20200724 14:27:34.268"></status>
</kw>
<status status="PASS" starttime="20200724 14:27:26.468" endtime="20200724 14:27:34.270" critical="yes"></status>
</test>
<status status="PASS" starttime="20200724 14:27:25.956" endtime="20200724 14:27:34.275"></status>
</suite>
<statistics>
<total>
<stat pass="1" fail="0">Critical Tests</stat>
<stat pass="1" fail="0">All Tests</stat>
</total>
<tag>
</tag>
<suite>
<stat pass="1" fail="0" id="s1" name="Qifi">Qifi</stat>
</suite>
</statistics>
<errors>
</errors>
</robot>
