<?xml version="1.0" encoding="UTF-8"?>
<robot generator="Robot 3.2.1 (Python 3.8.5 on win32)" generated="20200724 14:10:14.670" rpa="false">
<suite id="s1" name="Qrcode" source="C:\Users\chatchanokwon\Desktop\homework\qrcode.robot">
<test id="s1-t1" name="Generate QR code">
<kw name="เปิดหน้า QR code" library="qrkeywords" type="setup">
<kw name="Open Browser" library="SeleniumLibrary">
<doc>Opens a new browser instance to the optional ``url``.</doc>
<arguments>
<arg>${URL}</arg>
<arg>Chrome</arg>
</arguments>
<msg timestamp="20200724 14:10:14.947" level="INFO">Opening browser 'Chrome' to base url 'https://qifi.org'.</msg>
<status status="PASS" starttime="20200724 14:10:14.947" endtime="20200724 14:10:19.091"></status>
</kw>
<status status="PASS" starttime="20200724 14:10:14.947" endtime="20200724 14:10:19.091"></status>
</kw>
<kw name="กรอก SSID" library="qrkeywords">
<kw name="Input Text" library="SeleniumLibrary">
<doc>Types the given ``text`` into the text field identified by ``locator``.</doc>
<arguments>
<arg>ssid</arg>
<arg>Generate</arg>
</arguments>
<msg timestamp="20200724 14:10:19.096" level="INFO">Typing text 'Generate' into text field 'ssid'.</msg>
<status status="PASS" starttime="20200724 14:10:19.095" endtime="20200724 14:10:19.438"></status>
</kw>
<status status="PASS" starttime="20200724 14:10:19.095" endtime="20200724 14:10:19.438"></status>
</kw>
<kw name="กรอก Key" library="qrkeywords">
<kw name="Input Text" library="SeleniumLibrary">
<doc>Types the given ``text`` into the text field identified by ``locator``.</doc>
<arguments>
<arg>key</arg>
<arg>1234</arg>
</arguments>
<msg timestamp="20200724 14:10:19.439" level="INFO">Typing text '1234' into text field 'key'.</msg>
<status status="PASS" starttime="20200724 14:10:19.439" endtime="20200724 14:10:19.639"></status>
</kw>
<status status="PASS" starttime="20200724 14:10:19.438" endtime="20200724 14:10:19.640"></status>
</kw>
<kw name="กดปุ่ม Generate!" library="qrkeywords">
<kw name="Click Button" library="SeleniumLibrary">
<doc>Clicks the button identified by ``locator``.</doc>
<arguments>
<arg>generate</arg>
</arguments>
<msg timestamp="20200724 14:10:19.641" level="INFO">Clicking button 'generate'.</msg>
<status status="PASS" starttime="20200724 14:10:19.640" endtime="20200724 14:10:19.976"></status>
</kw>
<status status="PASS" starttime="20200724 14:10:19.640" endtime="20200724 14:10:19.976"></status>
</kw>
<kw name="ปิด Browser" library="qrkeywords" type="teardown">
<kw name="Close Browser" library="SeleniumLibrary">
<doc>Closes the current browser.</doc>
<status status="PASS" starttime="20200724 14:10:19.977" endtime="20200724 14:10:22.238"></status>
</kw>
<status status="PASS" starttime="20200724 14:10:19.977" endtime="20200724 14:10:22.238"></status>
</kw>
<status status="PASS" starttime="20200724 14:10:14.946" endtime="20200724 14:10:22.239" critical="yes"></status>
</test>
<status status="PASS" starttime="20200724 14:10:14.675" endtime="20200724 14:10:22.241"></status>
</suite>
<statistics>
<total>
<stat pass="1" fail="0">Critical Tests</stat>
<stat pass="1" fail="0">All Tests</stat>
</total>
<tag>
</tag>
<suite>
<stat pass="1" fail="0" id="s1" name="Qrcode">Qrcode</stat>
</suite>
</statistics>
<errors>
</errors>
</robot>
