<?xml version="1.0" encoding="UTF-8"?>
<robot generator="Robot 3.2.1 (Python 3.8.5 on win32)" generated="20200724 14:09:10.727" rpa="false">
<suite id="s1" name="Google2" source="C:\Users\chatchanokwon\Desktop\robotframework-20200723\workshop-04\google2.robot">
<test id="s1-t1" name="Search ก๋วยเตี๋ยวเส้นเล็กน้ำใส">
<kw name="เปิด google.co.th ใน chrome" library="keywords" type="setup">
<kw name="Open Browser" library="SeleniumLibrary">
<doc>Opens a new browser instance to the optional ``url``.</doc>
<arguments>
<arg>${URL}</arg>
<arg>Chrome</arg>
</arguments>
<msg timestamp="20200724 14:09:11.009" level="INFO">Opening browser 'Chrome' to base url 'http://www.google.co.th'.</msg>
<status status="PASS" starttime="20200724 14:09:11.009" endtime="20200724 14:09:16.480"></status>
</kw>
<status status="PASS" starttime="20200724 14:09:11.009" endtime="20200724 14:09:16.480"></status>
</kw>
<kw name="ค้นหาผ่าน chrome" library="keywords">
<arguments>
<arg>ก๋วยเตี๋ยวเส้นเล็กน้ำใส</arg>
</arguments>
<kw name="ค้นหาคำว่า" library="keywords">
<arguments>
<arg>${SEARCH_TEXT}</arg>
</arguments>
<kw name="Input Text" library="SeleniumLibrary">
<doc>Types the given ``text`` into the text field identified by ``locator``.</doc>
<arguments>
<arg>q</arg>
<arg>${SEARCH_TEXT}</arg>
</arguments>
<msg timestamp="20200724 14:09:16.482" level="INFO">Typing text 'ก๋วยเตี๋ยวเส้นเล็กน้ำใส' into text field 'q'.</msg>
<status status="PASS" starttime="20200724 14:09:16.482" endtime="20200724 14:09:16.791"></status>
</kw>
<status status="PASS" starttime="20200724 14:09:16.481" endtime="20200724 14:09:16.791"></status>
</kw>
<kw name="กดปุ่มค้นหา" library="keywords">
<kw name="Submit Form" library="SeleniumLibrary">
<doc>Submits a form identified by ``locator``.</doc>
<msg timestamp="20200724 14:09:16.792" level="INFO">Submitting form 'None'.</msg>
<status status="PASS" starttime="20200724 14:09:16.792" endtime="20200724 14:09:18.516"></status>
</kw>
<status status="PASS" starttime="20200724 14:09:16.791" endtime="20200724 14:09:18.517"></status>
</kw>
<kw name="คลิ๊ก link แรกที่เจอ" library="keywords">
<kw name="Click Element" library="SeleniumLibrary">
<doc>Click the element identified by ``locator``.</doc>
<arguments>
<arg>class:r</arg>
</arguments>
<msg timestamp="20200724 14:09:18.518" level="INFO">Clicking element 'class:r'.</msg>
<status status="PASS" starttime="20200724 14:09:18.518" endtime="20200724 14:09:24.338"></status>
</kw>
<status status="PASS" starttime="20200724 14:09:18.517" endtime="20200724 14:09:24.339"></status>
</kw>
<status status="PASS" starttime="20200724 14:09:16.480" endtime="20200724 14:09:24.339"></status>
</kw>
<kw name="ปิด Browser" library="keywords" type="teardown">
<kw name="Close Browser" library="SeleniumLibrary">
<doc>Closes the current browser.</doc>
<status status="PASS" starttime="20200724 14:09:24.342" endtime="20200724 14:09:26.837"></status>
</kw>
<status status="PASS" starttime="20200724 14:09:24.339" endtime="20200724 14:09:26.837"></status>
</kw>
<status status="PASS" starttime="20200724 14:09:11.007" endtime="20200724 14:09:26.838" critical="yes"></status>
</test>
<test id="s1-t2" name="Search ก๋วยเตี๋ยวน้ำตก">
<kw name="เปิด google.co.th ใน chrome" library="keywords" type="setup">
<kw name="Open Browser" library="SeleniumLibrary">
<doc>Opens a new browser instance to the optional ``url``.</doc>
<arguments>
<arg>${URL}</arg>
<arg>Chrome</arg>
</arguments>
<msg timestamp="20200724 14:09:26.849" level="INFO">Opening browser 'Chrome' to base url 'http://www.google.co.th'.</msg>
<status status="PASS" starttime="20200724 14:09:26.848" endtime="20200724 14:09:32.228"></status>
</kw>
<status status="PASS" starttime="20200724 14:09:26.847" endtime="20200724 14:09:32.229"></status>
</kw>
<kw name="ค้นหาผ่าน chrome" library="keywords">
<arguments>
<arg>ก๋วยเตี๋ยวน้ำตก</arg>
</arguments>
<kw name="ค้นหาคำว่า" library="keywords">
<arguments>
<arg>${SEARCH_TEXT}</arg>
</arguments>
<kw name="Input Text" library="SeleniumLibrary">
<doc>Types the given ``text`` into the text field identified by ``locator``.</doc>
<arguments>
<arg>q</arg>
<arg>${SEARCH_TEXT}</arg>
</arguments>
<msg timestamp="20200724 14:09:32.232" level="INFO">Typing text 'ก๋วยเตี๋ยวน้ำตก' into text field 'q'.</msg>
<status status="PASS" starttime="20200724 14:09:32.231" endtime="20200724 14:09:32.605"></status>
</kw>
<status status="PASS" starttime="20200724 14:09:32.230" endtime="20200724 14:09:32.605"></status>
</kw>
<kw name="กดปุ่มค้นหา" library="keywords">
<kw name="Submit Form" library="SeleniumLibrary">
<doc>Submits a form identified by ``locator``.</doc>
<msg timestamp="20200724 14:09:32.606" level="INFO">Submitting form 'None'.</msg>
<status status="PASS" starttime="20200724 14:09:32.605" endtime="20200724 14:09:35.530"></status>
</kw>
<status status="PASS" starttime="20200724 14:09:32.605" endtime="20200724 14:09:35.531"></status>
</kw>
<kw name="คลิ๊ก link แรกที่เจอ" library="keywords">
<kw name="Click Element" library="SeleniumLibrary">
<doc>Click the element identified by ``locator``.</doc>
<arguments>
<arg>class:r</arg>
</arguments>
<msg timestamp="20200724 14:09:35.532" level="INFO">Clicking element 'class:r'.</msg>
<status status="PASS" starttime="20200724 14:09:35.532" endtime="20200724 14:09:42.654"></status>
</kw>
<status status="PASS" starttime="20200724 14:09:35.531" endtime="20200724 14:09:42.656"></status>
</kw>
<status status="PASS" starttime="20200724 14:09:32.229" endtime="20200724 14:09:42.656"></status>
</kw>
<kw name="ปิด Browser" library="keywords" type="teardown">
<kw name="Close Browser" library="SeleniumLibrary">
<doc>Closes the current browser.</doc>
<status status="PASS" starttime="20200724 14:09:42.661" endtime="20200724 14:09:45.216"></status>
</kw>
<status status="PASS" starttime="20200724 14:09:42.660" endtime="20200724 14:09:45.216"></status>
</kw>
<status status="PASS" starttime="20200724 14:09:26.844" endtime="20200724 14:09:45.217" critical="yes"></status>
</test>
<status status="PASS" starttime="20200724 14:09:10.730" endtime="20200724 14:09:45.222"></status>
</suite>
<statistics>
<total>
<stat pass="2" fail="0">Critical Tests</stat>
<stat pass="2" fail="0">All Tests</stat>
</total>
<tag>
</tag>
<suite>
<stat pass="2" fail="0" id="s1" name="Google2">Google2</stat>
</suite>
</statistics>
<errors>
</errors>
</robot>
